[19/02/2024 21:26] /reload all all
[19/02/2024 21:28] /reload all all
[19/02/2024 22:00] /RELOAD ALL ALL
[19/02/2024 22:01] /RELOAD ALL ALL
[22/02/2024 21:58] /reload all all
[22/02/2024 21:58] /reload all all
[22/02/2024 21:59] /reload all all
[22/02/2024 22:02] /reload all all
[22/02/2024 22:03] /reload all all
[22/02/2024 22:06] /reload all all
[22/02/2024 22:12] /reload all all
[22/02/2024 22:13] /reload all all
[22/02/2024 22:14] /reload all all
[22/02/2024 22:16] /reload all all
[22/02/2024 22:17] /reload all all
[22/02/2024 22:17] /reload all all
[22/02/2024 22:20] /reload all all
[22/02/2024 22:24] /reload all all
[22/02/2024 22:26] /reload all all
[22/02/2024 22:26] /reload all all
[22/02/2024 22:29] /reload all all
[23/02/2024 15:47] /reload npc npc
[23/02/2024 15:47] /reload all all
[23/02/2024 15:50] /reload all all
[23/02/2024 15:50] /reload all all
[23/02/2024 15:52] /reload all all
[23/02/2024 15:52] /reload all all
[23/02/2024 15:52] /reload all all
[23/02/2024 15:56] /reload all all
[23/02/2024 15:58] /reload npc npc
[23/02/2024 15:58] /reload all all
[23/02/2024 16:05] /reload all all
[23/02/2024 16:06] /reload all all
[23/02/2024 16:09] /reload all all
[23/02/2024 16:09] /reload all all
[23/02/2024 16:10] /reload all all
[23/02/2024 16:29] /reload all all
[23/02/2024 16:51] /reload all all
[23/02/2024 16:55] /reload all all
[23/02/2024 16:56] /reload npc npc
[23/02/2024 16:56] /reload all all
[23/02/2024 16:58] /reload all all
[23/02/2024 16:58] /reload all all
[23/02/2024 17:01] /reload all all
[23/02/2024 17:03] /reload all all
[23/02/2024 17:05] /reload all all
[23/02/2024 17:26] /reload globalevents  globalevents
[23/02/2024 17:26] /reload globalevents  globalevents
[23/02/2024 17:26] /reload globalevents  globalevents
[23/02/2024 17:26] /reload actions actions
[23/02/2024 18:19] /reload all all
[23/02/2024 18:20] /reload all all
[23/02/2024 18:28] /reload all all
[23/02/2024 20:39] /reload npc npc
[23/02/2024 20:40] /reload all all
[23/02/2024 20:40] /reload npc npc
[23/02/2024 20:41] /reload npc npc
[23/02/2024 20:43] /reload npc npc
[23/02/2024 20:48] /reload npc npc
[25/02/2024 21:34] /reload all all
[25/02/2024 21:35] /reload all all
[25/02/2024 21:54] /reload all all
[25/02/2024 22:27] /reload all all
[25/02/2024 22:27] /reload all all
[26/02/2024 11:53] /reload all all
[26/02/2024 12:01] /reload all all
[26/02/2024 12:02] /reload all all
[26/02/2024 12:03] /reload all all
[26/02/2024 12:10] /reload all all
[26/02/2024 12:12] /reload all all
[26/02/2024 12:14] /reload all all
[26/02/2024 13:13] /reload all all
[26/02/2024 13:13] /reload all all
[26/02/2024 13:17] /reload all all
[26/02/2024 13:51] /reload all all
[26/02/2024 13:53] /reload all all
[26/02/2024 16:01] /reload all all
[26/02/2024 16:02] /reload all all
[26/02/2024 16:11] /reload all all
[04/03/2024 13:08] /reload all all
[04/03/2024 13:11] /reload all all
[04/03/2024 18:37] /reload all all
[04/03/2024 18:45] /reload all all
[04/03/2024 18:47] /reload all all
[04/03/2024 18:48] /reload all all
[04/03/2024 18:50] /reload all all
[04/03/2024 18:52] /reload all all
[04/03/2024 18:53] /reload all all
[04/03/2024 18:56] /reload all all
[04/03/2024 18:57] /reload all all
[04/03/2024 18:59] /reload all all
[04/03/2024 19:00] /reload all all
[04/03/2024 19:03] /reload all all
[04/03/2024 19:06] /reload all all
[04/03/2024 19:10] /reload all all
[04/03/2024 19:16] /reload all all
[04/03/2024 19:16] /reload all all
[04/03/2024 20:56] /reload all all
[16/03/2024 13:04] /reload all all
[23/03/2024 08:51] /reload all all
[24/03/2024 14:24] /reload all all
[24/03/2024 14:25] /reload all all
[24/03/2024 14:29] /reload all all
[24/03/2024 14:30] /reload all all
[24/03/2024 14:31] /reload all all
[24/03/2024 14:31] /reload all all
[24/03/2024 14:33] /reload all all
[24/03/2024 14:33] /reload all all
[24/03/2024 14:33] /reload all all
[24/03/2024 14:34] /reload all all
[24/03/2024 14:34] /reload all all
[24/03/2024 14:36] /reload all all
[24/03/2024 14:41] /reload all all
[24/03/2024 14:42] /reload all all
[24/03/2024 14:46] /reload all all
[24/03/2024 14:49] /reload all all
[24/03/2024 14:49] /reload all all
[24/03/2024 15:09] /reload all all
[24/03/2024 15:10] /reload all all
[24/03/2024 15:11] /reload all all
[24/03/2024 15:14] /reload all all
[24/03/2024 15:16] /reload all all
[24/03/2024 15:17] /reload all all
[24/03/2024 15:17] /reload all all
[24/03/2024 15:19] /reload all all
